[debug] [2023-04-07T05:55:28.036Z] ----------------------------------------------------------------------
[debug] [2023-04-07T05:55:28.038Z] Command:       c:\Program Files\nodejs\node.exe c:\Program Files\nodejs\node_modules\firebase-tools\lib\bin\firebase.js init hosting
[debug] [2023-04-07T05:55:28.038Z] CLI Version:   11.25.3
[debug] [2023-04-07T05:55:28.038Z] Platform:      win32
[debug] [2023-04-07T05:55:28.038Z] Node Version:  v16.15.1
[debug] [2023-04-07T05:55:28.039Z] Time:          Fri Apr 07 2023 00:55:28 GMT-0500 (Central Daylight Time)
[debug] [2023-04-07T05:55:28.039Z] ----------------------------------------------------------------------
[debug] 
[debug] [2023-04-07T05:55:28.043Z] > command requires scopes: ["email","openid","https://www.googleapis.com/auth/cloudplatformprojects.readonly","https://www.googleapis.com/auth/firebase","https://www.googleapis.com/auth/cloud-platform"]
[debug] [2023-04-07T05:55:28.044Z] > authorizing via signed-in user (akshatwagadre007@gmail.com)
[info] 
     ######## #### ########  ######## ########     ###     ######  ########
     ##        ##  ##     ## ##       ##     ##  ##   ##  ##       ##
     ######    ##  ########  ######   ########  #########  ######  ######
     ##        ##  ##    ##  ##       ##     ## ##     ##       ## ##
     ##       #### ##     ## ######## ########  ##     ##  ######  ########

You're about to initialize a Firebase project in this directory:

  D:\Coding\Full Stack\WebRTC-app

[info] 
=== Project Setup
[info] 
[info] First, let's associate this project directory with a Firebase project.
[info] You can create multiple project aliases by running firebase use --add, 
[info] but for now we'll just set up a default project.
[info] 
[info] i  If you want to create a project in a Google Cloud organization or folder, please use "firebase projects:create" instead, and return to this command when you've created the project. 
